<?xml version="1.0" encoding="UTF-8"?>
<!-- Generated by org.testng.reporters.JUnitReportReporter -->
<testsuite hostname="DESKTOP-PFFNGO4" failures="0" tests="5" name="com.dollardays.testcases.orderHistoryTestcase" time="172.386" errors="0" timestamp="2021-01-06T16:44:57 EST" skipped="0">
  <testcase classname="com.dollardays.testcases.orderHistoryTestcase" name="TC_03_orderHistory" time="38.678"/>
  <system-out/>
  <testcase classname="com.dollardays.testcases.orderHistoryTestcase" name="TC_02_orderHistory" time="23.120"/>
  <system-out/>
  <testcase classname="com.dollardays.testcases.orderHistoryTestcase" name="TC_05_orderHistory" time="39.887"/>
  <system-out/>
  <testcase classname="com.dollardays.testcases.orderHistoryTestcase" name="TC_01_orderHistory" time="44.237"/>
  <system-out/>
  <testcase classname="com.dollardays.testcases.orderHistoryTestcase" name="TC_04_orderHistory" time="26.464"/>
  <system-out/>
</testsuite> <!-- com.dollardays.testcases.orderHistoryTestcase -->
