<?xml version="1.0" encoding="UTF-8"?>
<!-- Generated by org.testng.reporters.JUnitReportReporter -->
<testsuite hostname="DESKTOP-PFFNGO4" failures="0" tests="1" name="com.dollardays.testcases.FavTestcase" time="29.777" errors="0" timestamp="2020-12-29T00:17:17 EST" skipped="0">
  <testcase classname="com.dollardays.testcases.FavTestcase" name="TC_01_Favourites" time="29.777"/>
  <system-out/>
</testsuite> <!-- com.dollardays.testcases.FavTestcase -->
